         w __deregister_frame_info
         w __register_frame_info
         w userAppExit
         w userAppInit
00000000 00000401 B __ctru_dev_path_buf
00000000 b _TLS_MODULE_BASE_
00000000 a shift
00000000 a shift
00000404 00000802 B __ctru_dev_utf16_buf
00100000 A __start__
00100000 T _start
00100008 T __service_ptr
0010000c T __apt_appid
00100010 T __heap_size
00100014 T __linear_heap_size
00100018 T __system_arglist
0010001c T __system_runflags
00100020 t startup
00100058 t ClearMem
0010006c t ClrLoop
00100094 T _init
001000ac t .udivsi3_skip_div0_test
001000ac T __aeabi_uidiv
001000ac 000001ec T __udivsi3
00100298 00000020 T __aeabi_uidivmod
001002b8 T __aeabi_idiv
001002b8 00000220 T __divsi3
001002c0 t .divsi3_skip_div0_test
001004d8 00000020 T __aeabi_idivmod
001004f8 00000004 W __aeabi_idiv0
001004f8 00000004 W __aeabi_ldiv0
001004fc T __aeabi_drsub
00100504 000002b0 T __aeabi_dsub
00100504 000002b0 T __subdf3
00100508 000002ac T __adddf3
00100508 000002ac T __aeabi_dadd
001007b4 00000024 T __aeabi_ui2d
001007b4 00000024 T __floatunsidf
001007d8 00000028 T __aeabi_i2d
001007d8 00000028 T __floatsidf
00100800 00000048 T __aeabi_f2d
00100800 00000048 T __extendsfdf2
00100848 00000074 T __aeabi_ul2d
00100848 00000074 T __floatundidf
0010085c 00000060 T __aeabi_l2d
0010085c 00000060 T __floatdidf
001008bc T __aeabi_ldivmod
00100990 T __aeabi_uldivmod
001009e8 00000390 T strcmp
00100d70 t __do_global_dtors_aux
00100db0 t frame_dummy
00100de0 00000614 T main
001013f4 00000034 t C2Di_FrameEndHook
00101428 00000330 T C2D_Init
00101758 00000044 T C2D_Fini
0010179c 000000d0 T C2D_Prepare
0010186c 0000003c T C2D_Flush
001018a8 00000108 T C2D_SceneSize
001019b0 00000058 T C2D_CreateScreenTarget
00101a08 00000058 T C2D_TargetClear
00101a60 0000013c T C2Di_CalcQuad
00101b9c 0000022c T C2Di_Update
00101dc8 000002f8 T C2D_DrawImage
001020c0 0000006c T C2D_SpriteSheetLoadFromHandle
0010212c 00000048 T C2D_SpriteSheetLoad
00102174 00000028 T C2D_SpriteSheetFree
0010219c 0000002c T C2D_SpriteSheetGetImage
001021c8 00000004 W C3Di_LightEnvUpdate
001021cc 00000004 W C3Di_LightEnvDirty
001021d0 000000b4 t C3Di_AptEventHook
00102284 00000004 W C3Di_GasUpdate
00102288 000001e0 T C3D_Init
00102468 00000098 T C3D_SetViewport
00102500 000004ec T C3Di_UpdateContext
001029ec 000000e0 T C3Di_SplitFrame
00102acc 00000010 T C3D_GetCmdBufUsage
00102adc 00000044 T C3D_Fini
00102b20 00000108 T C3D_BindProgram
00102c28 0000004c t onVBlank0
00102c74 0000004c t onVBlank1
00102cc0 00000080 t C3Di_RenderTargetDestroy
00102d40 000000f4 t onQueueFinish
00102e34 00000038 T C3Di_RenderQueueEnableVBlank
00102e6c 00000030 T C3Di_RenderQueueDisableVBlank
00102e9c 00000060 T C3Di_RenderQueueInit
00102efc 000000b0 T C3Di_RenderQueueExit
00102fac 00000034 T C3Di_RenderQueueWaitDone
00102fe0 000000e4 T C3D_FrameBegin
001030c4 00000048 T C3D_FrameDrawOn
0010310c 00000058 T C3D_FrameSplit
00103164 000001d8 T C3D_FrameEnd
0010333c 0000001c T C3D_FrameEndHook
00103358 00000018 T C3D_GetDrawingTime
00103370 00000018 T C3D_GetProcessingTime
00103388 00000128 T C3D_RenderTargetCreate
001034b0 000000a8 T C3D_RenderTargetSetOutput
00103558 000000fc T C3D_SyncTextureCopy
00103654 000002a0 T C3D_TexInitWithParams
001038f4 000000c8 T C3D_TexLoadImage
001039bc 00000044 T C3D_TexBind
00103a00 00000074 T C3D_TexDelete
00103a74 0000016c T C3Di_SetTex
00103be0 000003f4 t Tex3DSi_ImportCommon
00103fd4 00000038 T Tex3DS_TextureImportStdio
0010400c 0000001c T Tex3DS_GetSubTexture
00104028 00000004 T Tex3DS_TextureFree
0010402c 0000001c T C3D_CalcColorBufSize
00104048 0000001c T C3D_CalcDepthBufSize
00104064 00000044 T C3D_SetFrameBuf
001040a8 0000016c T C3Di_FrameBufBind
00104214 000000cc T C3D_FrameBufClear
001042e0 00000044 T C3D_FrameBufTransfer
00104324 00000034 T C3D_GetTexEnv
00104358 00000024 T C3Di_TexEnvBind
0010437c 00000070 T C3D_ProcTexInit
001043ec 00000054 T C3D_ProcTexBind
00104440 0000005c T C3D_ProcTexLutBind
0010449c 000000a4 T ProcTexLut_FromArray
00104540 0000017c T C3Di_ProcTexUpdate
001046bc 00000068 T C3Di_ProcTexDirty
00104724 00000024 T BufInfo_Init
00104748 00000080 T BufInfo_Add
001047c8 00000040 T C3D_SetBufInfo
00104808 00000048 T C3Di_BufInfoBind
00104850 00000148 T C3D_DrawArrays
00104998 00000040 T C3D_DepthMap
001049d8 0000001c T C3D_CullFace
001049f4 00000040 T C3D_StencilTest
00104a34 00000024 T C3D_StencilOp
00104a58 0000001c T C3D_BlendingColor
00104a74 00000024 T C3D_EarlyDepthTest
00104a98 0000002c T C3D_DepthTest
00104ac4 0000002c T C3D_AlphaTest
00104af0 00000050 T C3D_AlphaBlend
00104b40 00000030 T C3D_FragOpMode
00104b70 00000044 T C3D_FragOpShadow
00104bb4 000001ac T C3Di_EffectBind
00104d60 00000028 T AttrInfo_Init
00104d88 00000098 T AttrInfo_AddLoader
00104e20 00000054 T C3D_SetAttrInfo
00104e74 00000080 T C3Di_AttrInfoBind
00104ef4 000000a8 T C3D_ImmSendAttrib
00104f9c 0000029c T C3D_UpdateUniforms
00105238 000000c0 T C3Di_DirtyUniforms
001052f8 000000d8 T C3Di_LoadShaderUniforms
001053d0 00000028 T C3Di_ClearShaderUniforms
001053f8 000000cc T Mtx_Ortho
001054c4 000000cc T Mtx_OrthoTilt
00105590 00000024 t addrMapNodeComparator(rbtree_node const*, rbtree_node const*)
001055b4 00000004 t addrMapNodeDestructor(rbtree_node*)
001055b8 00000114 T vramMemAlign
001056cc 00000008 T vramAlloc
001056d4 0000005c T vramFree
00105730 00000024 t addrMapNodeComparator(rbtree_node const*, rbtree_node const*)
00105754 00000004 t addrMapNodeDestructor(rbtree_node*)
00105758 00000120 T linearMemAlign
00105878 00000008 T linearAlloc
00105880 0000005c T linearFree
001058dc 00000084 T MemPool::CoalesceRight(MemBlock*)
00105960 00000170 T MemPool::Allocate(MemChunk&, unsigned long, int)
00105ad0 000000fc T MemPool::Deallocate(MemChunk const&)
00105bcc 00000008 t romfs_close
00105bd4 000000c8 t romfs_seek
00105c9c 00000024 t romfs_dirreset
00105cc0 000000c8 t fill_dir
00105d88 000002b0 t romfs_dirnext
00106038 00000084 t romfs_free
001060bc 000000d4 t searchForFile.constprop.0
00106190 000000d8 t searchForDir.constprop.0
00106268 000001c0 t navigateToDir.constprop.0
00106428 00000128 t romfs_open
00106550 0000004c t romfs_chdir
0010659c 00000070 t romfs_diropen
0010660c 0000017c t romfs_stat
00106788 00000008 t romfs_dirclose
00106790 0000007c t romfs_fstat
0010680c 000000d4 t romfs_read
001068e0 00000290 T romfsMountFromFile
00106b70 00000098 T romfsMountFromCurrentProcess
00106c08 0000025c T romfsMountSelf
00106e64 000000ac T romfsUnmount
00106f10 00000074 T osConvertVirtToPhys
00106f84 00000054 T osGetTimeRef
00106fd8 000000e4 T osGetTime
001070bc 00000074 T __libctru_gtod
00107130 00000038 T osTickCounterRead
00107168 00000034 T __ctru_speedup_config
0010719c 00000178 T consoleDrawChar
00107314 00000124 T consolePrintChar
00107438 00000a00 T con_write
00107e38 00000168 T consoleInit
00107fa0 000000f4 t newRow
00108094 000000d0 t gfxPresentFramebuffer
00108164 0000001c T gfxIsWide
00108180 000000ec T gfxSetScreenFormat
0010826c 00000010 T gfxSetDoubleBuffering
0010827c 00000108 T gfxInit
00108384 00000010 T gfxInitDefault
00108394 000000b4 T gfxExit
00108448 000000a0 T gfxGetFramebuffer
001084e8 0000010c T gfxFlushBuffers
001085f4 00000030 T gfxScreenSwapBuffers
00108624 00000050 T gfxSwapBuffersGpu
00108674 000001e0 T shaderInstanceInit
00108854 00000018 T shaderInstanceGetUniformLocation
0010886c 0000001c T shaderProgramInit
00108888 00000064 T shaderProgramFree
001088ec 00000080 T shaderProgramSetVsh
0010896c 000008c0 T shaderProgramConfigure
0010922c 000001f8 t DVLE_GenerateOutmap.part.0
00109424 000001cc T DVLB_ParseFile
001095f0 00000038 T DVLB_Free
00109628 00000074 T DVLE_GetUniformRegister
0010969c 00000010 T GX_BindQueue
001096ac 00000078 T GX_ProcessCommandList
00109724 00000074 T GX_MemoryFill
00109798 00000070 T GX_DisplayTransfer
00109808 00000074 T GX_TextureCopy
0010987c 00000068 t gxCmdQueueDoCommands.part.0
001098e4 000000c8 T gxCmdQueueInterrupt
001099ac 0000004c T gxCmdQueueClear
001099f8 000000f8 T gxCmdQueueAdd
00109af0 00000080 T gxCmdQueueRun
00109b70 00000060 T gxCmdQueueStop
00109bd0 00000074 T gxCmdQueueWait
00109c44 0000013c T GPUCMD_Add
00109d80 000000ac T GPUCMD_Split
00109e2c 00000040 T f32tof16
00109e6c 00000040 T f32tof24
00109eac 00000044 T f32tof31
00109ef0 00000c58 t gspHardwareInit
0010ab48 00000254 T gspInit
0010ad9c 000000f0 T gspExit
0010ae8c 00000010 T gspHasGpuRight
0010ae9c 00000098 T gspPresentBuffer
0010af34 00000030 T gspSetEventCallback
0010af64 00000050 T gspWaitForEvent
0010afb4 0000004c T gspWaitForAnyEvent
0010b000 00000160 t gspEventThreadMain
0010b160 00000130 T gspSubmitGxCommand
0010b290 00000050 T GSPGPU_FlushDataCache
0010b2e0 00000034 T GSPGPU_SetLcdForceBlack
0010b314 00000068 T GSPGPU_AcquireRight
0010b37c 00000048 T GSPGPU_ReleaseRight
0010b3c4 0000007c T GSPGPU_ImportDisplayCaptureInfo
0010b440 0000002c T GSPGPU_SaveVramSysArea
0010b46c 0000002c T GSPGPU_RestoreVramSysArea
0010b498 000001b0 t aptConvertScreenForCapture
0010b648 00000008 W aptDspSleep
0010b650 00000004 W aptDspWakeup
0010b654 00000004 W aptDspCancel
0010b658 0000015c T aptSendCommand
0010b7b4 00000038 t aptExitProcess
0010b7ec 000002f0 T aptExit
0010badc 000000d8 T aptHandleSleep
0010bbb4 00000030 T aptHook
0010bbe4 00000030 T aptUnhook
0010bc14 00000084 T APT_SleepIfShellClosed
0010bc98 00000084 T aptSetSleepAllowed
0010bd1c 00000084 T APT_UnlockTransition
0010bda0 00000484 t aptEventHandler
0010c224 000000b0 T APT_ReceiveParameter
0010c2d4 000000b0 t aptReceiveParameter.constprop.0
0010c388 000002bc t aptScreenTransfer
0010c644 000002d0 t aptWaitForWakeUp.isra.0
0010c914 000000f8 T aptJumpToHomeMenu
0010ca0c 0000004c T aptMainLoop
0010ca58 00000234 T aptInit
0010cc8c 0000007c T APT_CheckNew3DS
0010cd08 00000024 W hidShouldUseIrrst
0010cd2c 0000018c T hidInit
0010ceb8 000000e8 T hidExit
0010cfa0 00000294 T hidScanInput
0010d234 00000010 T hidKeysHeld
0010d244 00000010 T hidKeysDown
0010d254 00000010 T hidKeysUp
0010d264 00000074 T ptmSysmInit
0010d2d8 0000003c T ptmSysmExit
0010d314 00000034 T PTMSYSM_ConfigureNew3DSCPU
0010d348 000000c8 T fsInit
0010d410 0000003c T fsExit
0010d44c 00000060 T fsExemptFromSession
0010d4ac 00000050 T fsUnexemptFromSession
0010d4fc 000000cc T FSUSER_OpenFile
0010d5c8 000000d4 T FSUSER_OpenFileDirectly
0010d69c 000000bc T FSUSER_DeleteFile
0010d758 000000f8 T FSUSER_RenameFile
0010d850 000000bc T FSUSER_DeleteDirectory
0010d90c 000000d4 T FSUSER_CreateFile
0010d9e0 000000c4 T FSUSER_CreateDirectory
0010daa4 000000f8 T FSUSER_RenameDirectory
0010db9c 000000b4 T FSUSER_OpenDirectory
0010dc50 00000094 T FSUSER_OpenArchive
0010dce4 0000008c T FSUSER_CloseArchive
0010dd70 00000074 T FSUSER_GetSdmcArchiveResource
0010dde4 00000064 T FSUSER_IsSdmcWritable
0010de48 00000058 T FSFILE_Read
0010dea0 00000060 T FSFILE_Write
0010df00 00000038 T FSFILE_GetSize
0010df38 00000028 T FSFILE_SetSize
0010df60 0000003c T FSFILE_Close
0010df9c 00000024 T FSFILE_Flush
0010dfc0 00000050 T FSDIR_Read
0010e010 0000003c T FSDIR_Close
0010e04c 000000cc t buffer_read
0010e118 000000d0 t iov_read
0010e1e8 00000128 t iov_memmove
0010e310 000001d8 t decompress_rle
0010e4e8 00000258 t decompress_lzss
0010e740 000002ec t decompress_huff.part.0
0010ea2c 00000440 t decompress_lz11
0010ee6c 00000010 T decompressCallback_Stdio
0010ee7c 000000e4 T decompressHeader
0010ef60 00000250 T decompressV
0010f1b0 00000010 T rbtree_init
0010f1c0 000001a0 t do_insert
0010f360 00000008 T rbtree_insert
0010f368 00000090 T rbtree_rotate
0010f3f8 00000338 T rbtree_remove
0010f730 00000074 T rbtree_find
0010f7a4 000000e8 T utf16_to_utf8
0010f88c 00000064 T decode_utf16
0010f8f0 000000c0 T utf8_to_utf16
0010f9b0 000001e0 W __system_allocateHeaps
0010fb90 00000038 W __libctru_init
0010fbc8 000000f0 W __system_initArgv
0010fcb8 T svcControlMemory
0010fcd8 T svcQueryMemory
0010fd08 T svcExitProcess
0010fd10 T svcCreateThread
0010fd30 T svcExitThread
0010fd38 T svcSleepThread
0010fd40 T svcReleaseMutex
0010fd48 T svcCreateEvent
0010fd5c T svcSignalEvent
0010fd64 T svcClearEvent
0010fd6c T svcMapMemoryBlock
0010fd74 T svcUnmapMemoryBlock
0010fd7c T svcCreateAddressArbiter
0010fd90 T svcArbitrateAddressNoTimeout
0010fd98 T svcCloseHandle
0010fda0 T svcWaitSynchronization
0010fda8 T svcWaitSynchronizationN
0010fdd0 T svcDuplicateHandle
0010fde4 T svcGetSystemTick
0010fdec T svcConnectToPort
0010fe00 T svcSendSyncRequest
0010fe08 T svcGetResourceLimit
0010fe1c T svcGetResourceLimitLimitValues
0010fe24 T svcGetResourceLimitCurrentValues
0010fe2c T svcBreak
0010fe34 W initSystem
0010fe84 W __ctru_exit
0010fe9c T __aeabi_read_tp
0010fea8 0000000c T __sync_init
0010feb4 00000018 T __sync_fini
0010fecc 0000002c T syncArbitrateAddress
0010fef8 0000001c T LightLock_Init
0010ff14 00000094 T LightLock_Lock
0010ffa8 00000044 T LightLock_TryLock
0010ffec 00000040 T LightLock_Unlock
0011002c 00000024 T RecursiveLock_Init
00110050 00000030 T RecursiveLock_Lock
00110080 00000078 T RecursiveLock_TryLock
001100f8 00000054 T RecursiveLock_Unlock
0011014c 00000040 T LightEvent_Init
0011018c 000000a4 T LightEvent_Clear
00110230 000000c8 T LightEvent_Signal
001102f8 00000058 T LightEvent_TryWait
00110350 000000b0 T LightEvent_Wait
00110400 00000084 W envGetHandle
00110484 00000050 W envDestroyHandles
001104d4 00000124 T srvInit
001105f8 00000058 T srvExit
00110650 00000080 T srvGetServiceHandleDirect
001106d0 00000048 T srvGetServiceHandle
00110718 00000038 T srvPublishToSubscriber
00110750 00000188 T threadCreate
001108d8 0000002c T threadFree
00110904 00000024 T threadJoin
00110928 00000030 T threadGetCurrent
00110958 00000040 T threadExit
00110998 00000044 t _thread_begin
001109dc 00000094 t mappableFindAddressWithin
00110a70 00000028 T mappableInit
00110a98 00000080 T mappableAlloc
00110b18 00000004 T mappableFree
00110b1c 00000160 T irrstInit
00110c7c 000000cc T irrstExit
00110d48 000000b0 T irrstScanInput
00110df8 00000024 T irrstKeysHeld
00110e1c 0000000c T srvPmGetSessionHandle
00110e28 00000050 T rbtree_node_next
00110e78 00000060 T encode_utf16
00110ed8 000000fc T encode_utf8
00110fd4 0000013c T decode_utf8
00111110 00000030 W __appInit
00111140 00000030 t __libctru_nanosleep
00111170 00000030 t __libctru_get_reent
001111a0 000000f8 T __system_initSyscalls
00111298 00000030 W __appExit
001112c8 00000090 W __libctru_exit
00111358 00000014 t archive_link
0011136c 00000014 t archive_dirreset
00111380 00000014 t archive_chmod
00111394 00000024 t error_cmp
001113b8 00000050 t archive_translate_error
00111408 000000d4 t archive_seek
001114dc 0000007c t _archiveInit.part.0
00111558 0000008c t archiveFindDevice.part.0
001115e4 00000294 t archive_utf16path
00111878 000000a0 t _archiveUnmountDeviceStruct.part.0
00111918 00000014 t archive_fchmod
0011192c 00000014 t archive_statvfs
00111940 00000158 t _archiveMountDevice
00111a98 000000e8 t archive_diropen
00111b80 000000a4 t archive_fstat
00111c24 0000006c t archive_close
00111c90 0000006c t archive_fsync
00111cfc 00000070 t archive_dirclose
00111d6c 000000e8 t sdmc_statvfs
00111e54 00000080 t archive_ftruncate
00111ed4 000000fc t archive_chdir
00111fd0 000000b0 t archive_read
00112080 000000ac t archive_unlink
0011212c 000000c8 t archive_rmdir
001121f4 000000ec t archive_mkdir
001122e0 000001a8 t archive_stat
00112488 00000184 t archive_rename
0011260c 00000168 t archive_dirnext
00112774 0000012c t archive_write
001128a0 000001f0 t archive_open
00112a90 000001a4 T archiveMountSdmc
00112c34 00000054 T archiveUnmountAll
00112c88 0000022c T cosf
00112eb4 00000024 t with_errnof
00112ed8 0000001c T __math_invalidf
00112ef8 00000274 T sinf
0011316c 00000120 T __udivmoddi4
0011328c 00000078 T bsearch
00113304 00000028 T calloc
0011332c 00000094 T _calloc_r
001133c0 0000000c T __errno
001133cc 00000034 T exit
00113400 00000160 T _fclose_r
00113560 00000020 T fclose
00113580 00000258 T __sflush_r
001137d8 00000094 T _fflush_r
0011386c 00000038 T fflush
001138a4 0000000c T _cleanup_r
001138b0 00000184 T __sinit
00113a34 00000134 T __sfp
00113b68 0000000c T __sfp_lock_acquire
00113b74 0000000c T __sfp_lock_release
00113b80 0000003c T __libc_fini_array
00113bbc 00000140 T _fopen_r
00113cfc 00000028 T fopen
00113d24 000002d0 T _fread_r
00113ff4 00000038 T fread
0011402c 000000f8 T _malloc_trim_r
00114124 000002e4 T _free_r
00114408 0000001c T _fseek_r
00114424 000004f8 T _fseeko_r
0011491c 000001bc T _ftello_r
00114ad8 00000068 T _fwalk
00114b40 00000070 T _fwalk_reent
00114bb0 0000007c T __libc_init_array
00114c2c 00000138 T __smakebuf_r
00114d64 00000094 T __swhatbuf_r
00114df8 00000028 T memalign
00114e20 00000148 T _memalign_r
00114f68 00000020 T malloc
00114f88 00000020 T free
00114fa8 000007f0 T _malloc_r
00115798 000000e0 T memchr
00115878 000000a8 T memcmp
00115920 0000011c T memcpy
00115a3c 00000118 T memset
00115b54 0000000c T __malloc_lock
00115b60 0000000c T __malloc_unlock
00115b6c 00000034 T printf
00115ba0 0000001c T srand
00115bbc 00000044 T rand
00115c00 0000001c t lflush
00115c1c 000001ac T __srefill_r
00115dc8 00000260 T setvbuf
00116028 00000074 T sscanf
0011609c 00000044 T __sread
001160e0 00000008 T __seofread
001160e8 00000068 T __swrite
00116150 00000048 T __sseek
00116198 00000008 T __sclose
001161a0 00000144 T strchr
001162e4 0000005c T strlen
00116340 000000ec T strncat
0011642c 000000dc T strncmp
00116508 000000c0 T strncpy
001165c8 00000048 T strnlen
00116610 00000050 t get_arg
00116660 00002b68 T __ssvfscanf_r
001191c8 0000003c T time
00119204 0000064c t get_arg
00119850 00000034 T __sprint_r
00119884 00002584 T _vfiprintf_r
0011be08 000000d4 t __sbprintf
0011bedc 0000064c t get_arg
0011c528 000038d4 T _vfprintf_r
0011fdfc 000000d4 t __sbprintf
0011fed0 00000054 T _wcrtomb_r
0011ff24 00000028 T _wcsrtombs_r
0011ff4c 00000154 T __swsetup_r
001200a0 00000114 T __call_exitprocs
001201b4 000001a8 t quorem
00120360 000012ec T _dtoa_r
0012164c 000000c8 T __sflags
00121714 000004a4 T __sfvwrite_r
00121bb8 00000008 T iswspace
00121bc0 0000000c T _localeconv_r
00121bcc 00000010 T __locale_mb_cur_max
00121bdc 00000068 T _mbrtowc_r
00121c44 000002fc T __utf8_mbtowc
00121f40 00000154 T memmove
00122094 00000088 T _Balloc
0012211c 0000001c T _Bfree
00122138 000000f4 T __multadd
0012222c 00000110 T __s2b
0012233c 00000058 T __hi0bits
00122394 0000009c T __lo0bits
00122430 000000a4 T __i2b
001224d4 00000204 T __multiply
001226d8 00000120 T __pow5mult
001227f8 0000013c T __lshift
00122934 00000058 T __mcmp
0012298c 000001cc T __mdiff
00122b58 00000088 T __ulp
00122be0 000000d4 T __b2d
00122cb4 0000012c T __d2b
00122de0 00000078 T __ratio
00122e58 00000088 T __copybits
00122ee0 0000005c T __any_on
00122f3c 00000028 T realloc
00122f64 00000598 T _realloc_r
001234fc 000000e4 T __sccl
001235e0 0000000c T nanf
001235f0 000000a8 T frexp
00123698 00000064 T sprintf
001236fc 000000b8 T stpncpy
001237b8 0000130c T _strtod_l
00124ac4 0000000c T _strtod_r
00124ad0 0000022c t _strtoll_l.constprop.0
00124cfc 00000004 T _strtoll_r
00124d00 000001b0 t _strtol_l.part.0
00124eb0 0000003c T _strtol_r
00124eec 00000244 t _strtoull_l.constprop.0
00125130 00000004 T _strtoull_r
00125134 000001c8 t _strtoul_l.constprop.0
001252fc 00000004 T _strtoul_r
00125300 00000188 T __ssprint_r
00125488 000000e0 T _sungetc_r
00125568 0000006c T __ssrefill_r
001255d4 000000c8 T _sfread_r
0012569c 0000064c t get_arg
00125ce8 00003808 T _svfprintf_r
001294f0 000000a8 T __submore
00129598 00000190 T _wcsnrtombs_l
00129728 0000004c T _wcsnrtombs_r
00129774 000000f0 T __utf8_wctomb
00129864 0000005c T __assert_func
001298c0 0000003c T fiprintf
001298fc 000000ec t rshift
001299e8 00000928 T __gethex
0012a310 0000004c T __match
0012a35c 0000029c T __hexnan
0012a5f8 0000003c T iswspace_l
0012a634 000001d4 t __jp2uc
0012a808 0000009c T _jp2uc_l
0012a8a8 00000010 T nan
0012a8b8 00000014 T abort
0012a8cc 00000084 T category
0012a950 00000098 T _raise_r
0012a9e8 00000020 T raise
0012aa08 00000008 t null_write
0012aa10 00000018 T setDefaultDevice
0012aa28 000000c8 T FindDevice
0012aaf0 00000028 T RemoveDevice
0012ab18 0000009c T AddDevice
0012abb4 00000020 T GetDeviceOpTab
0012abd4 00000078 T _fstat_r
0012ac4c 00000014 T _getpid_r
0012ac60 00000038 T _gettimeofday_r
0012ac98 00000008 T _isatty_r
0012aca0 00000014 T _kill_r
0012acb4 00000084 T _lseek_r
0012ad38 000000c8 T _open_r
0012ae00 00000080 T _read_r
0012ae80 00000078 T _sbrk_r
0012aef8 00000080 T _write_r
0012af78 00000024 T _exit
0012af9c 000001b8 T _concatenate_path
0012b154 00000160 T chdir
0012b2b4 00000008 T __flockfile
0012b2bc 00000008 T __funlockfile
0012b2c4 00000018 T __libc_lock_acquire
0012b2dc 00000018 T __libc_lock_release
0012b2f4 00000018 T __libc_lock_init_recursive
0012b30c 00000018 T __libc_lock_acquire_recursive
0012b324 00000018 T __libc_lock_release_recursive
0012b33c 00000018 T __libc_lock_close_recursive
0012b354 0000008c T __release_handle
0012b3e0 000000b4 T __alloc_handle
0012b494 0000003c T __get_handle
0012b4d0 000000f4 T _close_r
0012b5c4 00000028 T __getreent
0012b5ec 00000038 T __aeabi_d2lz
0012b5ec 00000038 T __fixdfdi
0012b628 00000040 T __aeabi_d2ulz
0012b628 00000040 T __fixunsdfdi
0012b668 00000044 T strrchr
0012b6ac T _fini
0012c0c0 R render2d_shbin
0012c24c R render2d_shbin_end
0012c24c R render2d_shbin_size
0012c250 00000038 r CSWTCH.18
0012c288 00000005 r colorFmtSizes
0012c290 00000004 r depthFmtSizes
0012c294 00000010 r CSWTCH.9
0012c2c8 00000070 r romFS_devoptab
0012c39c 00000030 r colorTable
0012c3cc 00000070 r dotab_stdout
0012c460 00000008 r morton_x.3
0012c468 00000008 r morton_y.2
0012c470 00000008 r s_sleepWakeEvents.4
0012c4a4 R default_font_bin
0012cca4 R default_font_bin_end
0012ccd0 00000070 r archive_devoptab
0012cd40 00000030 r error_table
0012cd70 00000060 R __inv_pio4
0012cdd0 000000e0 R __sincosf_table
0012ceb0 00000004 R _global_impure_ptr
0012cebc 00000022 r basefix.0
0012cf08 00000010 r blanks.1
0012cf18 00000010 r zeroes.0
0012cf3c 00000010 r blanks.1
0012cf4c 00000010 r zeroes.0
0012cf5c 00000101 R _ctype_
0012d070 r .LC2
0012d150 00000028 R __mprec_bigtens
0012d178 000000c8 R __mprec_tens
0012d240 0000000c r p05.0
0012d25c 00000014 r fpi.1
0012d270 00000014 r fpinan.0
0012d288 00000028 r tinytens
0012d2b0 0000006c R __action_table
0012d31c 00000100 R __chclass
0012d41c 0000006c R __state_table
0012d488 00000010 r blanks.1
0012d498 00000010 r zeroes.0
0012d530 00000100 R __hexdig
0012d644 000000bc r a1
0012d700 000000bc r a2
0012d7bc 0000005b r a3
0012d818 00000070 r a6
0012d888 000000a2 r a7
0012d92c 00000040 r a8
0012d96c 0000172a r b02cf
0012f098 00001a7c r d02f4
00130b14 0000000c R _C_numeric_locale
00130b20 000031e6 r categories
00133d08 00000070 R dotab_stdnull
00133d78 r 
00133d78 R __exidx_end
00133d78 R __exidx_start
00134000 00000004 d framerate
00134004 00000008 d framerateCounter
0013400c 00000004 D currentConsole
00134010 0000004c D defaultConsole
0013405c 00000001 d firstConsoleInit.0
00134060 00000004 d queueLock
00134064 00000004 d kCount
00134068 00000004 d kDelay
0013406c 00000004 d kInterval
00134070 W __stacksize__
00134074 0000000c d __sfp_recursive_mutex
00134080 0000000c d __sinit_recursive_mutex
0013408c 00000004 D _impure_ptr
00134090 00000460 d impure_data
001344f0 00000408 D __malloc_av_
001348f8 00000004 D __malloc_sbrk_base
001348fc 00000004 D __malloc_trim_threshold
00134900 0000000c d __malloc_recursive_mutex
0013490c 0000000c D __atexit_recursive_mutex
00134918 0000016c D __global_locale
00134a84 00000002 d numempty
00134a88 00000004 d defaultDevice
00134a8c 0000008c D devoptab_list
00134b18 00000400 d _current_working_directory
00134f18 00000004 d __hndl_lock
00134f1c 0000000c d __stderr_handle
00134f28 0000000c d __stdin_handle
00134f34 0000000c d __stdout_handle
00134f40 00001000 d handles
00135f48 d _GLOBAL_OFFSET_TABLE_
00135f54 d __frame_dummy_init_array_entry
00135f54 D __init_array_start
00135f54 B __preinit_array_end
00135f54 B __preinit_array_start
00135f54 D __tdata_lma
00135f54 D __tdata_lma_end
00135f58 d __do_global_dtors_aux_fini_array_entry
00135f58 D __fini_array_start
00135f58 D __init_array_end
00135f5c D __bss_start__
00135f5c D __fini_array_end
00135f5c 00000004 b spriteSheet
00135f60 000000c0 b sprites
00136020 b completed.1
00136024 b object.0
00136040 000005a0 B __C2Di_Context
001365e0 00000040 b s_projBot
00136620 00000040 b s_projTop
00136660 00000004 b uLoc_mdlvMtx
00136664 00000004 b uLoc_projMtx
00136668 000002d0 B __C3D_Context
00136938 0000000c b hookCookie
00136948 00000010 b cpuTime
00136958 00000004 b firstTarget
0013695c 00000008 b frameCounter
00136964 00000004 b frameEndCb
00136968 00000004 b frameEndCbData
00136970 00000010 b gpuTime
00136980 00000001 b inFrame
00136981 00000001 b inSafeTransfer
00136982 00000001 b isTopStereo
00136984 00000004 b lastTarget
00136988 0000000c b linkedTarget
00136994 00000001 b measureGpuTime
00136995 00000001 b needSwapBot
00136996 00000001 b needSwapTop
00136998 00000004 B C3D_BoolUnifs
0013699c 00000002 B C3D_BoolUnifsDirty
001369a0 00000c00 B C3D_FVUnif
001375a0 000000c0 B C3D_FVUnifDirty
00137660 00000020 B C3D_IVUnif
00137680 00000008 B C3D_IVUnifDirty
00137688 000000c0 b C3Di_FVUnifEverDirty
00137748 00000008 b C3Di_IVUnifEverDirty
00137750 00000018 b C3Di_ShaderFVecData
00137768 0000000c b sAddrMap
00137774 00000008 b sVramPool
0013777c 00000008 b sLinearPool
00137784 0000000c b sAddrMap
00137790 00000004 V __romfs_path
00137794 00000004 b romfs_mount_list
00137798 00000001 V __ctru_speedup
0013779c 0000004c B currentCopy
001377e8 00000004 b gfxBottomFramebufferMaxSize
001377ec 00000008 b gfxBottomFramebuffers
001377f4 00000002 b gfxCurBuf
001377f8 00000002 b gfxFramebufferFormats
001377fc 00000002 b gfxIsDoubleBuf
001377fe 00000001 b gfxIsVram
00137800 00000004 b gfxTopFramebufferMaxSize
00137804 00000008 b gfxTopFramebuffers
0013780c 00000001 b gfxTopMode
00137810 00000004 b screenAlloc
00137814 00000004 b screenFree
00137818 00000004 b boundQueue
0013781c 00000004 b curQueue
00137820 00000001 b isActive
00137821 00000001 b isRunning
00137822 00000001 b shouldStop
00137824 00000004 B gpuCmdBuf
00137828 00000004 B gpuCmdBufOffset
0013782c 00000004 B gpuCmdBufSize
00137830 00000004 b gspEvent
00137834 0000001c b gspEventCb
00137850 0000001c b gspEventCbData
0013786c 00000007 b gspEventCbOneShot
00137874 00000004 b gspEventThread
00137878 00000038 b gspEvents
001378b0 00000004 b gspGpuHandle
001378b4 00000001 b gspGpuRight
001378b8 00000004 b gspLastEvent
001378bc 00000004 b gspRefCount
001378c0 00000001 b gspRunEvents
001378c4 00000004 b gspSharedMem
001378c8 00000004 b gspSharedMemHandle
001378cc 00000001 b gspThreadId
001378cd 00000001 b aptChainloadFlags
001378ce 00000001 b aptChainloadMediatype
001378d0 00000008 b aptChainloadTid
001378d8 00000004 b aptEventHandlerThread
001378dc 00000001 b aptEventHandlerThreadQuit
001378e0 00000008 b aptEvents
001378e8 0000000c b aptFirstHook
001378f4 00000004 b aptFlags
001378f8 00000001 b aptHomeButtonState
001378fc 00000004 b aptLockHandle
00137900 00000004 b aptMessageFunc
00137904 00000004 b aptMessageFuncData
00137908 00001000 b aptParameters
00138908 00000008 b aptReceiveEvent
00138910 00000004 b aptRefCount
00138914 00000008 b aptSleepEvent
0013891c 00000001 b flagInit.1
0013891d 00000001 b flagValue.0
00138920 00000004 b serviceName.6
00138924 00000006 b aVec
0013892c 00000004 b cPos
00138930 00000006 b gRate
00138938 00000014 B hidEvents
0013894c 00000004 B hidHandle
00138950 00000004 B hidMemHandle
00138954 00000004 b hidRefCount
00138958 00000004 B hidSharedMem
0013895c 00000004 b kDown
00138960 00000004 b kHeld
00138964 00000004 b kOld
00138968 00000004 b kRepeat
0013896c 00000004 b kUp
00138970 00000004 b tPos
00138974 00000001 b usingIrrst
00138978 00000004 b ptmSysmHandle
0013897c 00000004 b ptmSysmRefCount
00138980 00000080 b fsExemptArchives
00138a00 00000004 b fsuHandle
00138a04 00000004 b fsuRefCount
00138a08 00000004 B __ctru_heap
00138a0c 00000004 V __ctru_heap_size
00138a10 00000004 B __ctru_linear_heap
00138a14 00000004 V __ctru_linear_heap_size
00138a18 00000004 B __system_retAddr
00138a1c 00000004 B __system_argc
00138a20 00000004 B __system_argv
00138a24 b saved_stack
00138a2c 00000004 b arbiter
00138a30 00000004 b srvHandle
00138a34 00000004 b srvRefCount
00138a38 00000004 b currentAddr
00138a3c 00000004 b maxAddr
00138a40 00000004 b minAddr
00138a44 00000004 b csPos
00138a48 00000004 B irrstEvent
00138a4c 00000004 B irrstHandle
00138a50 00000004 B irrstMemHandle
00138a54 00000004 b irrstRefCount
00138a58 00000004 B irrstSharedMem
00138a5c 00000004 b kHeld
00138a60 00000004 b srvPmHandle
00138a64 00000004 b archive_device_cwd
00138a68 00000540 b archive_devices
00138fa8 00000001 b archive_initialized
00138fac 00000028 B __malloc_current_mallinfo
00138fd4 00000004 B __malloc_max_sbrked_mem
00138fd8 00000004 B __malloc_max_total_mem
00138fdc 00000004 B __malloc_top_pad
00138fe0 00000004 b heap_start.0
00138fe4 00000004 B fake_heap_end
00138fe8 00000004 B fake_heap_start
00138fec 00000400 b temp_cwd
001393ec 00000048 B __syscalls
00139434 B __tls_start
0013a03c B __bss_end__
0013a03c A __end__
0013a03c B __tls_end
